# JRE version: OpenJDK Runtime Environment (8.0_242-b01) (build 1.8.0_242-release-1644-b01)
# Java VM: OpenJDK 64-Bit Server VM (25.242-b01 mixed mode windows-amd64 compressed oops)
Heap:
 PSYoungGen      total 175616K, used 165410K [0x00000000d5580000, 0x00000000e3480000, 0x0000000100000000)
  eden space 157184K, 95% used [0x00000000d5580000,0x00000000de893e88,0x00000000def00000)
  from space 18432K, 80% used [0x00000000def00000,0x00000000dfd74ce0,0x00000000e0100000)
  to   space 19968K, 0% used [0x00000000e2100000,0x00000000e2100000,0x00000000e3480000)
 ParOldGen       total 89600K, used 29032K [0x0000000080000000, 0x0000000085780000, 0x00000000d5580000)
  object space 89600K, 32% used [0x0000000080000000,0x0000000081c5a020,0x0000000085780000)
 Metaspace       used 71178K, capacity 74666K, committed 74880K, reserved 1114112K
  class space    used 9580K, capacity 10260K, committed 10368K, reserved 1048576K
GC Heap History (10 events):
Event: 18.966 GC heap before
{Heap before GC invocations=12 (full 2):
 PSYoungGen      total 135680K, used 125440K [0x00000000d5580000, 0x00000000df080000, 0x0000000100000000)
  eden space 125440K, 100% used [0x00000000d5580000,0x00000000dd000000,0x00000000dd000000)
  from space 10240K, 0% used [0x00000000dd000000,0x00000000dd000000,0x00000000dda00000)
  to   space 11776K, 0% used [0x00000000de500000,0x00000000de500000,0x00000000df080000)
 ParOldGen       total 59392K, used 17105K [0x0000000080000000, 0x0000000083a00000, 0x00000000d5580000)
  object space 59392K, 28% used [0x0000000080000000,0x00000000810b4600,0x0000000083a00000)
 Metaspace       used 40785K, capacity 42520K, committed 42624K, reserved 1085440K
  class space    used 5582K, capacity 5938K, committed 6016K, reserved 1048576K
Event: 18.987 GC heap after
Heap after GC invocations=12 (full 2):
 PSYoungGen      total 145920K, used 9772K [0x00000000d5580000, 0x00000000dfe80000, 0x0000000100000000)
  eden space 134144K, 0% used [0x00000000d5580000,0x00000000d5580000,0x00000000dd880000)
  from space 11776K, 82% used [0x00000000de500000,0x00000000dee8b1d0,0x00000000df080000)
  to   space 12800K, 0% used [0x00000000dd880000,0x00000000dd880000,0x00000000de500000)
 ParOldGen       total 59392K, used 17113K [0x0000000080000000, 0x0000000083a00000, 0x00000000d5580000)
  object space 59392K, 28% used [0x0000000080000000,0x00000000810b6600,0x0000000083a00000)
 Metaspace       used 40785K, capacity 42520K, committed 42624K, reserved 1085440K
  class space    used 5582K, capacity 5938K, committed 6016K, reserved 1048576K
}
Event: 22.625 GC heap before
{Heap before GC invocations=13 (full 2):
 PSYoungGen      total 145920K, used 143916K [0x00000000d5580000, 0x00000000dfe80000, 0x0000000100000000)
  eden space 134144K, 100% used [0x00000000d5580000,0x00000000dd880000,0x00000000dd880000)
  from space 11776K, 82% used [0x00000000de500000,0x00000000dee8b1d0,0x00000000df080000)
  to   space 12800K, 0% used [0x00000000dd880000,0x00000000dd880000,0x00000000de500000)
 ParOldGen       total 59392K, used 17113K [0x0000000080000000, 0x0000000083a00000, 0x00000000d5580000)
  object space 59392K, 28% used [0x0000000080000000,0x00000000810b6600,0x0000000083a00000)
 Metaspace       used 53723K, capacity 56062K, committed 56192K, reserved 1097728K
  class space    used 7296K, capacity 7782K, committed 7808K, reserved 1048576K
Event: 22.658 GC heap after
Heap after GC invocations=13 (full 2):
 PSYoungGen      total 146944K, used 12788K [0x00000000d5580000, 0x00000000e1280000, 0x0000000100000000)
  eden space 134144K, 0% used [0x00000000d5580000,0x00000000d5580000,0x00000000dd880000)
  from space 12800K, 99% used [0x00000000dd880000,0x00000000de4fd320,0x00000000de500000)
  to   space 17920K, 0% used [0x00000000e0100000,0x00000000e0100000,0x00000000e1280000)
 ParOldGen       total 59392K, used 26258K [0x0000000080000000, 0x0000000083a00000, 0x00000000d5580000)
  object space 59392K, 44% used [0x0000000080000000,0x00000000819a4b58,0x0000000083a00000)
 Metaspace       used 53723K, capacity 56062K, committed 56192K, reserved 1097728K
  class space    used 7296K, capacity 7782K, committed 7808K, reserved 1048576K
}
Event: 23.479 GC heap before
{Heap before GC invocations=14 (full 2):
 PSYoungGen      total 146944K, used 51017K [0x00000000d5580000, 0x00000000e1280000, 0x0000000100000000)
  eden space 134144K, 28% used [0x00000000d5580000,0x00000000d7ad5230,0x00000000dd880000)
  from space 12800K, 99% used [0x00000000dd880000,0x00000000de4fd320,0x00000000de500000)
  to   space 17920K, 0% used [0x00000000e0100000,0x00000000e0100000,0x00000000e1280000)
 ParOldGen       total 59392K, used 26258K [0x0000000080000000, 0x0000000083a00000, 0x00000000d5580000)
  object space 59392K, 44% used [0x0000000080000000,0x00000000819a4b58,0x0000000083a00000)
 Metaspace       used 56427K, capacity 58940K, committed 59096K, reserved 1099776K
  class space    used 7695K, capacity 8221K, committed 8320K, reserved 1048576K
Event: 23.511 GC heap after
Heap after GC invocations=14 (full 2):
 PSYoungGen      total 175104K, used 11786K [0x00000000d5580000, 0x00000000e1d00000, 0x0000000100000000)
  eden space 157184K, 0% used [0x00000000d5580000,0x00000000d5580000,0x00000000def00000)
  from space 17920K, 65% used [0x00000000e0100000,0x00000000e0c82b88,0x00000000e1280000)
  to   space 18432K, 0% used [0x00000000def00000,0x00000000def00000,0x00000000e0100000)
 ParOldGen       total 59392K, used 30984K [0x0000000080000000, 0x0000000083a00000, 0x00000000d5580000)
  object space 59392K, 52% used [0x0000000080000000,0x0000000081e42308,0x0000000083a00000)
 Metaspace       used 56427K, capacity 58940K, committed 59096K, reserved 1099776K
  class space    used 7695K, capacity 8221K, committed 8320K, reserved 1048576K
}
Event: 23.511 GC heap before
{Heap before GC invocations=15 (full 3):
 PSYoungGen      total 175104K, used 11786K [0x00000000d5580000, 0x00000000e1d00000, 0x0000000100000000)
  eden space 157184K, 0% used [0x00000000d5580000,0x00000000d5580000,0x00000000def00000)
  from space 17920K, 65% used [0x00000000e0100000,0x00000000e0c82b88,0x00000000e1280000)
  to   space 18432K, 0% used [0x00000000def00000,0x00000000def00000,0x00000000e0100000)
 ParOldGen       total 59392K, used 30984K [0x0000000080000000, 0x0000000083a00000, 0x00000000d5580000)
  object space 59392K, 52% used [0x0000000080000000,0x0000000081e42308,0x0000000083a00000)
 Metaspace       used 56427K, capacity 58940K, committed 59096K, reserved 1099776K
  class space    used 7695K, capacity 8221K, committed 8320K, reserved 1048576K
Event: 23.844 GC heap after
Heap after GC invocations=15 (full 3):
 PSYoungGen      total 175104K, used 0K [0x00000000d5580000, 0x00000000e1d00000, 0x0000000100000000)
  eden space 157184K, 0% used [0x00000000d5580000,0x00000000d5580000,0x00000000def00000)
  from space 17920K, 0% used [0x00000000e0100000,0x00000000e0100000,0x00000000e1280000)
  to   space 18432K, 0% used [0x00000000def00000,0x00000000def00000,0x00000000e0100000)
 ParOldGen       total 89600K, used 29024K [0x0000000080000000, 0x0000000085780000, 0x00000000d5580000)
  object space 89600K, 32% used [0x0000000080000000,0x0000000081c58020,0x0000000085780000)
 Metaspace       used 56427K, capacity 58940K, committed 59096K, reserved 1099776K
  class space    used 7695K, capacity 8221K, committed 8320K, reserved 1048576K
}
Event: 30.174 GC heap before
{Heap before GC invocations=16 (full 3):
 PSYoungGen      total 175104K, used 157184K [0x00000000d5580000, 0x00000000e1d00000, 0x0000000100000000)
  eden space 157184K, 100% used [0x00000000d5580000,0x00000000def00000,0x00000000def00000)
  from space 17920K, 0% used [0x00000000e0100000,0x00000000e0100000,0x00000000e1280000)
  to   space 18432K, 0% used [0x00000000def00000,0x00000000def00000,0x00000000e0100000)
 ParOldGen       total 89600K, used 29024K [0x0000000080000000, 0x0000000085780000, 0x00000000d5580000)
  object space 89600K, 32% used [0x0000000080000000,0x0000000081c58020,0x0000000085780000)
 Metaspace       used 62678K, capacity 65896K, committed 66048K, reserved 1105920K
  class space    used 8604K, capacity 9211K, committed 9216K, reserved 1048576K
Event: 30.204 GC heap after
Heap after GC invocations=16 (full 3):
 PSYoungGen      total 175616K, used 14803K [0x00000000d5580000, 0x00000000e3480000, 0x0000000100000000)
  eden space 157184K, 0% used [0x00000000d5580000,0x00000000d5580000,0x00000000def00000)
  from space 18432K, 80% used [0x00000000def00000,0x00000000dfd74ce0,0x00000000e0100000)
  to   space 19968K, 0% used [0x00000000e2100000,0x00000000e2100000,0x00000000e3480000)
 ParOldGen       total 89600K, used 29032K [0x0000000080000000, 0x0000000085780000, 0x00000000d5580000)
  object space 89600K, 32% used [0x0000000080000000,0x0000000081c5a020,0x0000000085780000)
 Metaspace       used 62678K, capacity 65896K, committed 66048K, reserved 1105920K
  class space    used 8604K, capacity 9211K, committed 9216K, reserved 1048576K
}

